<?xml version="1.0" encoding="UTF-8"?>
<!-- Generated by org.testng.reporters.JUnitReportReporter -->
<testsuite hostname="Sukesh" failures="0" tests="1" name="com.zohoCrm.testscript.CreateCust" time="0.013" errors="0" timestamp="09 Feb 2023 14:13:19 GMT" skipped="0">
  <testcase classname="com.zohoCrm.testscript.CreateCust" name="testCreateModule" time="0.013"/>
</testsuite> <!-- com.zohoCrm.testscript.CreateCust -->
